<?xml version="1.0" encoding="UTF-8"?>
<testng-results ignored="0" total="5" passed="3" failed="1" skipped="1">
  <reporter-output>
  </reporter-output>
  <suite started-at="2024-03-13T14:47:08 JST" name="Suite" finished-at="2024-03-13T14:47:33 JST" duration-ms="25302">
    <groups>
    </groups>
    <test started-at="2024-03-13T14:47:08 JST" name="test" finished-at="2024-03-13T14:47:33 JST" duration-ms="25302">
      <class name="com.gpn.test.LoginTest">
        <test-method is-config="true" signature="setup()[pri:0, instance:com.gpn.test.LoginTest@128d2484]" started-at="2024-03-13T14:47:08 JST" name="setup" finished-at="2024-03-13T14:47:16 JST" duration-ms="8389" status="PASS">
          <reporter-output>
          </reporter-output>
        </test-method> <!-- setup -->
        <test-method signature="alfaDOCKLoginTest()[pri:0, instance:com.gpn.test.LoginTest@128d2484]" started-at="2024-03-13T14:47:16 JST" name="alfaDOCKLoginTest" finished-at="2024-03-13T14:47:22 JST" duration-ms="5904" status="PASS">
          <reporter-output>
          </reporter-output>
        </test-method> <!-- alfaDOCKLoginTest -->
        <test-method is-config="true" signature="tearDown()[pri:0, instance:com.gpn.test.LoginTest@128d2484]" started-at="2024-03-13T14:47:22 JST" name="tearDown" finished-at="2024-03-13T14:47:23 JST" duration-ms="742" status="PASS">
          <reporter-output>
          </reporter-output>
        </test-method> <!-- tearDown -->
      </class> <!-- com.gpn.test.LoginTest -->
      <class name="com.gpn.test.DummyPageTest">
        <test-method is-config="true" signature="setup()[pri:0, instance:com.gpn.test.DummyPageTest@557caf28]" started-at="2024-03-13T14:47:08 JST" name="setup" finished-at="2024-03-13T14:47:16 JST" duration-ms="8123" status="PASS">
          <reporter-output>
          </reporter-output>
        </test-method> <!-- setup -->
        <test-method is-config="true" signature="setup()[pri:0, instance:com.gpn.test.DummyPageTest@557caf28]" started-at="2024-03-13T14:47:08 JST" name="setup" finished-at="2024-03-13T14:47:31 JST" duration-ms="22728" status="PASS">
          <reporter-output>
          </reporter-output>
        </test-method> <!-- setup -->
        <test-method is-config="true" signature="setup()[pri:0, instance:com.gpn.test.DummyPageTest@557caf28]" started-at="2024-03-13T14:47:08 JST" name="setup" finished-at="2024-03-13T14:47:16 JST" duration-ms="8291" status="PASS">
          <reporter-output>
          </reporter-output>
        </test-method> <!-- setup -->
        <test-method signature="test3()[pri:0, instance:com.gpn.test.DummyPageTest@557caf28]" started-at="2024-03-13T14:47:16 JST" name="test3" finished-at="2024-03-13T14:47:17 JST" duration-ms="1012" status="FAIL">
          <exception class="java.lang.AssertionError">
            <message>
              <![CDATA[expected [true] but found [false]]]>
            </message>
            <full-stacktrace>
              <![CDATA[java.lang.AssertionError: expected [true] but found [false]
at org.testng.Assert.fail(Assert.java:111)
at org.testng.Assert.failNotEquals(Assert.java:1578)
at org.testng.Assert.assertEqualsImpl(Assert.java:150)
at org.testng.Assert.assertEquals(Assert.java:132)
at org.testng.Assert.assertEquals(Assert.java:1067)
at org.testng.Assert.assertEquals(Assert.java:1031)
at org.testng.Assert.assertEquals(Assert.java:1077)
at com.gpn.test.DummyPageTest.test3(DummyPageTest.java:39)
at java.base/jdk.internal.reflect.NativeMethodAccessorImpl.invoke0(Native Method)
at java.base/jdk.internal.reflect.NativeMethodAccessorImpl.invoke(NativeMethodAccessorImpl.java:77)
at java.base/jdk.internal.reflect.DelegatingMethodAccessorImpl.invoke(DelegatingMethodAccessorImpl.java:43)
at java.base/java.lang.reflect.Method.invoke(Method.java:568)
at org.testng.internal.invokers.MethodInvocationHelper.invokeMethod(MethodInvocationHelper.java:139)
at org.testng.internal.invokers.TestInvoker.invokeMethod(TestInvoker.java:664)
at org.testng.internal.invokers.TestInvoker.invokeTestMethod(TestInvoker.java:228)
at org.testng.internal.invokers.MethodRunner.runInSequence(MethodRunner.java:63)
at org.testng.internal.invokers.TestInvoker$MethodInvocationAgent.invoke(TestInvoker.java:961)
at org.testng.internal.invokers.TestInvoker.invokeTestMethods(TestInvoker.java:201)
at org.testng.internal.invokers.TestMethodWorker.invokeTestMethods(TestMethodWorker.java:148)
at org.testng.internal.invokers.TestMethodWorker.run(TestMethodWorker.java:128)
at java.base/java.util.concurrent.Executors$RunnableAdapter.call(Executors.java:539)
at java.base/java.util.concurrent.FutureTask.run(FutureTask.java:264)
at org.testng.internal.thread.graph.TestNGFutureTask.run(TestNGFutureTask.java:22)
at java.base/java.util.concurrent.ThreadPoolExecutor.runWorker(ThreadPoolExecutor.java:1136)
at java.base/java.util.concurrent.ThreadPoolExecutor$Worker.run(ThreadPoolExecutor.java:635)
at java.base/java.lang.Thread.run(Thread.java:833)
]]>
            </full-stacktrace>
          </exception> <!-- java.lang.AssertionError -->
          <reporter-output>
          </reporter-output>
        </test-method> <!-- test3 -->
        <test-method signature="test1()[pri:0, instance:com.gpn.test.DummyPageTest@557caf28]" started-at="2024-03-13T14:47:16 JST" name="test1" finished-at="2024-03-13T14:47:19 JST" duration-ms="3176" status="PASS">
          <reporter-output>
          </reporter-output>
        </test-method> <!-- test1 -->
        <test-method is-config="true" signature="tearDown()[pri:0, instance:com.gpn.test.DummyPageTest@557caf28]" started-at="2024-03-13T14:47:18 JST" name="tearDown" finished-at="2024-03-13T14:47:18 JST" duration-ms="803" status="PASS">
          <reporter-output>
          </reporter-output>
        </test-method> <!-- tearDown -->
        <test-method is-config="true" signature="setup()[pri:0, instance:com.gpn.test.DummyPageTest@557caf28]" started-at="2024-03-13T14:47:18 JST" name="setup" finished-at="2024-03-13T14:47:21 JST" duration-ms="2523" status="PASS">
          <reporter-output>
          </reporter-output>
        </test-method> <!-- setup -->
        <test-method is-config="true" signature="tearDown()[pri:0, instance:com.gpn.test.DummyPageTest@557caf28]" started-at="2024-03-13T14:47:19 JST" name="tearDown" finished-at="2024-03-13T14:47:20 JST" duration-ms="420" status="PASS">
          <reporter-output>
          </reporter-output>
        </test-method> <!-- tearDown -->
        <test-method signature="test4()[pri:0, instance:com.gpn.test.DummyPageTest@557caf28]" started-at="2024-03-13T14:47:21 JST" name="test4" finished-at="2024-03-13T14:47:22 JST" duration-ms="926" status="SKIP">
          <exception class="org.testng.SkipException">
            <message>
              <![CDATA[Skipping this exception]]>
            </message>
            <full-stacktrace>
              <![CDATA[org.testng.SkipException: Skipping this exception
at com.gpn.test.DummyPageTest.test4(DummyPageTest.java:46)
at java.base/jdk.internal.reflect.NativeMethodAccessorImpl.invoke0(Native Method)
at java.base/jdk.internal.reflect.NativeMethodAccessorImpl.invoke(NativeMethodAccessorImpl.java:77)
at java.base/jdk.internal.reflect.DelegatingMethodAccessorImpl.invoke(DelegatingMethodAccessorImpl.java:43)
at java.base/java.lang.reflect.Method.invoke(Method.java:568)
at org.testng.internal.invokers.MethodInvocationHelper.invokeMethod(MethodInvocationHelper.java:139)
at org.testng.internal.invokers.TestInvoker.invokeMethod(TestInvoker.java:664)
at org.testng.internal.invokers.TestInvoker.invokeTestMethod(TestInvoker.java:228)
at org.testng.internal.invokers.MethodRunner.runInSequence(MethodRunner.java:63)
at org.testng.internal.invokers.TestInvoker$MethodInvocationAgent.invoke(TestInvoker.java:961)
at org.testng.internal.invokers.TestInvoker.invokeTestMethods(TestInvoker.java:201)
at org.testng.internal.invokers.TestMethodWorker.invokeTestMethods(TestMethodWorker.java:148)
at org.testng.internal.invokers.TestMethodWorker.run(TestMethodWorker.java:128)
at java.base/java.util.concurrent.Executors$RunnableAdapter.call(Executors.java:539)
at java.base/java.util.concurrent.FutureTask.run(FutureTask.java:264)
at org.testng.internal.thread.graph.TestNGFutureTask.run(TestNGFutureTask.java:22)
at java.base/java.util.concurrent.ThreadPoolExecutor.runWorker(ThreadPoolExecutor.java:1136)
at java.base/java.util.concurrent.ThreadPoolExecutor$Worker.run(ThreadPoolExecutor.java:635)
at java.base/java.lang.Thread.run(Thread.java:833)
]]>
            </full-stacktrace>
          </exception> <!-- org.testng.SkipException -->
          <reporter-output>
          </reporter-output>
        </test-method> <!-- test4 -->
        <test-method is-config="true" signature="tearDown()[pri:0, instance:com.gpn.test.DummyPageTest@557caf28]" started-at="2024-03-13T14:47:22 JST" name="tearDown" finished-at="2024-03-13T14:47:23 JST" duration-ms="1215" status="PASS">
          <reporter-output>
          </reporter-output>
        </test-method> <!-- tearDown -->
        <test-method signature="test2()[pri:0, instance:com.gpn.test.DummyPageTest@557caf28]" started-at="2024-03-13T14:47:31 JST" name="test2" finished-at="2024-03-13T14:47:33 JST" duration-ms="2221" status="PASS">
          <reporter-output>
          </reporter-output>
        </test-method> <!-- test2 -->
        <test-method is-config="true" signature="tearDown()[pri:0, instance:com.gpn.test.DummyPageTest@557caf28]" started-at="2024-03-13T14:47:33 JST" name="tearDown" finished-at="2024-03-13T14:47:33 JST" duration-ms="298" status="PASS">
          <reporter-output>
          </reporter-output>
        </test-method> <!-- tearDown -->
      </class> <!-- com.gpn.test.DummyPageTest -->
    </test> <!-- test -->
  </suite> <!-- Suite -->
</testng-results>
