<?xml version="1.0" encoding="UTF-8"?>
<!-- Generated by org.testng.reporters.JUnitReportReporter -->
<testsuite hostname="DESKTOP-KN2Q89G" failures="0" tests="25" name="com.gpn.test.LoginTest" time="216.629" errors="1" timestamp="2024-03-14T13:28:43 IST" skipped="0">
  <testcase classname="com.gpn.test.LoginTest" name="alfaDOCKLoginTest" time="6.711"/>
  <testcase classname="com.gpn.test.LoginTest" name="alfaDOCKLoginTest" time="6.703"/>
  <testcase classname="com.gpn.test.LoginTest" name="alfaDOCKLoginTest" time="9.011"/>
  <testcase classname="com.gpn.test.LoginTest" name="alfaDOCKLoginTest" time="7.898"/>
  <testcase classname="com.gpn.test.LoginTest" name="alfaDOCKLoginTest" time="6.283"/>
  <testcase classname="com.gpn.test.LoginTest" name="alfaDOCKLoginTest" time="8.850"/>
  <testcase classname="com.gpn.test.LoginTest" name="alfaDOCKLoginTest" time="7.109"/>
  <testcase classname="com.gpn.test.LoginTest" name="alfaDOCKLoginTest" time="10.164"/>
  <testcase classname="com.gpn.test.LoginTest" name="alfaDOCKLoginTest" time="16.215">
    <error message="Expected condition failed: waiting for title to contain &quot;alfaDOCK&quot;. Current title: &quot;UserLogin&quot; (tried for 10 second(s) with 500 milliseconds interval)
Build info: version: &#039;4.18.1&#039;, revision: &#039;b1d3319b48&#039;
System info: os.name: &#039;Windows 10&#039;, os.arch: &#039;amd64&#039;, os.version: &#039;10.0&#039;, java.version: &#039;17.0.8&#039;
Driver info: org.openqa.selenium.chrome.ChromeDriver
Capabilities {acceptInsecureCerts: false, browserName: chrome, browserVersion: 122.0.6261.113, chrome: {chromedriverVersion: 122.0.6261.128 (f18a44fedeb..., userDataDir: C:\Users\MADMAX~1\AppData\L...}, fedcm:accounts: true, goog:chromeOptions: {debuggerAddress: localhost:49884}, networkConnectionEnabled: false, pageLoadStrategy: normal, platformName: windows, proxy: Proxy(), se:cdp: ws://localhost:49884/devtoo..., se:cdpVersion: 122.0.6261.113, setWindowRect: true, strictFileInteractability: false, timeouts: {implicit: 0, pageLoad: 300000, script: 30000}, unhandledPromptBehavior: dismiss and notify, webauthn:extension:credBlob: true, webauthn:extension:largeBlob: true, webauthn:extension:minPinLength: true, webauthn:extension:prf: true, webauthn:virtualAuthenticators: true}
Session ID: db87074e0c34dd3272a43faad0658c6e" type="org.openqa.selenium.TimeoutException">
      <![CDATA[org.openqa.selenium.TimeoutException: Expected condition failed: waiting for title to contain "alfaDOCK". Current title: "UserLogin" (tried for 10 second(s) with 500 milliseconds interval)
Build info: version: '4.18.1', revision: 'b1d3319b48'
System info: os.name: 'Windows 10', os.arch: 'amd64', os.version: '10.0', java.version: '17.0.8'
Driver info: org.openqa.selenium.chrome.ChromeDriver
Capabilities {acceptInsecureCerts: false, browserName: chrome, browserVersion: 122.0.6261.113, chrome: {chromedriverVersion: 122.0.6261.128 (f18a44fedeb..., userDataDir: C:\Users\MADMAX~1\AppData\L...}, fedcm:accounts: true, goog:chromeOptions: {debuggerAddress: localhost:49884}, networkConnectionEnabled: false, pageLoadStrategy: normal, platformName: windows, proxy: Proxy(), se:cdp: ws://localhost:49884/devtoo..., se:cdpVersion: 122.0.6261.113, setWindowRect: true, strictFileInteractability: false, timeouts: {implicit: 0, pageLoad: 300000, script: 30000}, unhandledPromptBehavior: dismiss and notify, webauthn:extension:credBlob: true, webauthn:extension:largeBlob: true, webauthn:extension:minPinLength: true, webauthn:extension:prf: true, webauthn:virtualAuthenticators: true}
Session ID: db87074e0c34dd3272a43faad0658c6e
at org.openqa.selenium.support.ui.WebDriverWait.timeoutException(WebDriverWait.java:84)
at org.openqa.selenium.support.ui.FluentWait.until(FluentWait.java:228)
at com.gpn.factories.ExplicitWaitFactory.performExplictWait(ExplicitWaitFactory.java:42)
at com.gpn.pages.AlfaDOCKHomePage.clickAlfaDOCKLogoutButton(AlfaDOCKHomePage.java:13)
at com.gpn.test.LoginTest.alfaDOCKLoginTest(LoginTest.java:20)
at java.base/jdk.internal.reflect.NativeMethodAccessorImpl.invoke0(Native Method)
at java.base/jdk.internal.reflect.NativeMethodAccessorImpl.invoke(NativeMethodAccessorImpl.java:77)
at java.base/jdk.internal.reflect.DelegatingMethodAccessorImpl.invoke(DelegatingMethodAccessorImpl.java:43)
at java.base/java.lang.reflect.Method.invoke(Method.java:568)
at org.testng.internal.invokers.MethodInvocationHelper.invokeMethod(MethodInvocationHelper.java:139)
at org.testng.internal.invokers.TestInvoker.invokeMethod(TestInvoker.java:664)
at org.testng.internal.invokers.TestInvoker.invokeTestMethod(TestInvoker.java:228)
at org.testng.internal.invokers.TestMethodWithDataProviderMethodWorker.call(TestMethodWithDataProviderMethodWorker.java:80)
at java.base/java.util.concurrent.CompletableFuture$AsyncSupply.run(CompletableFuture.java:1768)
at java.base/java.util.concurrent.ThreadPoolExecutor.runWorker(ThreadPoolExecutor.java:1136)
at java.base/java.util.concurrent.ThreadPoolExecutor$Worker.run(ThreadPoolExecutor.java:635)
at java.base/java.lang.Thread.run(Thread.java:833)
]]>
    </error>
  </testcase> <!-- alfaDOCKLoginTest -->
  <testcase classname="com.gpn.test.LoginTest" name="alfaDOCKLoginTest" time="7.451"/>
  <testcase classname="com.gpn.test.LoginTest" name="alfaDOCKLoginTest" time="16.803"/>
  <testcase classname="com.gpn.test.LoginTest" name="alfaDOCKLoginTest" time="7.201"/>
  <testcase classname="com.gpn.test.LoginTest" name="alfaDOCKLoginTest" time="6.718"/>
  <testcase classname="com.gpn.test.LoginTest" name="alfaDOCKLoginTest" time="5.903"/>
  <testcase classname="com.gpn.test.LoginTest" name="alfaDOCKLoginTest" time="15.437"/>
  <testcase classname="com.gpn.test.LoginTest" name="alfaDOCKLoginTest" time="6.572"/>
  <testcase classname="com.gpn.test.LoginTest" name="alfaDOCKLoginTest" time="8.048"/>
  <testcase classname="com.gpn.test.LoginTest" name="alfaDOCKLoginTest" time="5.972"/>
  <testcase classname="com.gpn.test.LoginTest" name="alfaDOCKLoginTest" time="11.394"/>
  <testcase classname="com.gpn.test.LoginTest" name="alfaDOCKLoginTest" time="7.602"/>
  <testcase classname="com.gpn.test.LoginTest" name="alfaDOCKLoginTest" time="6.926"/>
  <testcase classname="com.gpn.test.LoginTest" name="alfaDOCKLoginTest" time="6.192"/>
  <testcase classname="com.gpn.test.LoginTest" name="alfaDOCKLoginTest" time="10.330"/>
  <testcase classname="com.gpn.test.LoginTest" name="alfaDOCKLoginTest" time="6.737"/>
  <testcase classname="com.gpn.test.LoginTest" name="alfaDOCKLoginTest" time="8.399"/>
</testsuite> <!-- com.gpn.test.LoginTest -->
